{"uid":"9df698d74f5ac550","name":"test_login_with_empty_fields","fullName":"tests.test_login.TestLogin#test_login_with_empty_fields","historyId":"66ff5243b12728a651048fc77923230f","time":{"start":1690002011958,"stop":1690002022475,"duration":10517},"description":"\n        Check log in with empty fields.\n        ","descriptionHtml":"<pre><code>    Check log in with empty fields.\n</code></pre>\n","status":"broken","statusMessage":"selenium.common.exceptions.TimeoutException: Message: \nStacktrace:\n#0 0x55c577e654e3 <unknown>\n#1 0x55c577b94c76 <unknown>\n#2 0x55c577bd0c96 <unknown>\n#3 0x55c577bd0dc1 <unknown>\n#4 0x55c577c0a7f4 <unknown>\n#5 0x55c577bf003d <unknown>\n#6 0x55c577c0830e <unknown>\n#7 0x55c577befde3 <unknown>\n#8 0x55c577bc52dd <unknown>\n#9 0x55c577bc634e <unknown>\n#10 0x55c577e253e4 <unknown>\n#11 0x55c577e293d7 <unknown>\n#12 0x55c577e33b20 <unknown>\n#13 0x55c577e2a023 <unknown>\n#14 0x55c577df81aa <unknown>\n#15 0x55c577e4e6b8 <unknown>\n#16 0x55c577e4e847 <unknown>\n#17 0x55c577e5e243 <unknown>\n#18 0x7f6b18f7eb43 <unknown>","statusTrace":"self = <tests.test_login.TestLogin object at 0x7f99841afa90>\n\n    @allure.story('Log in with empty fields')\n    def test_login_with_empty_fields(self):\n        \"\"\"\n        Check log in with empty fields.\n        \"\"\"\n>       self.login_page.fill_login_form(\"\", \"\")\n\ntests/test_login.py:40: \n_ _ _ _ _ _ _ _ _ _ _ _ _ _ _ _ _ _ _ _ _ _ _ _ _ _ _ _ _ _ _ _ _ _ _ _ _ _ _ _ \npages/LoginPage.py:36: in fill_login_form\n    self.enter_username(username)\npages/LoginPage.py:18: in enter_username\n    self.type_into_element(\"username_field_css\", self.username_field_css, username)\npages/BasePage.py:47: in type_into_element\n    element = self.find(locator_name, locator_value)\npages/BasePage.py:35: in find\n    element = self.wait((By.CSS_SELECTOR, locator_value))\npages/BasePage.py:25: in wait\n    return WebDriverWait(self.driver, 10).until(EC.presence_of_element_located((locator)))\n_ _ _ _ _ _ _ _ _ _ _ _ _ _ _ _ _ _ _ _ _ _ _ _ _ _ _ _ _ _ _ _ _ _ _ _ _ _ _ _ \n\nself = <selenium.webdriver.support.wait.WebDriverWait (session=\"204310b90c30e0755cd4d6a9bbf5a319\")>\nmethod = <function presence_of_element_located.<locals>._predicate at 0x7f9984134a60>\nmessage = ''\n\n    def until(self, method, message: str = \"\"):\n        \"\"\"Calls the method provided with the driver as an argument until the \\\n        return value does not evaluate to ``False``.\n    \n        :param method: callable(WebDriver)\n        :param message: optional message for :exc:`TimeoutException`\n        :returns: the result of the last call to `method`\n        :raises: :exc:`selenium.common.exceptions.TimeoutException` if timeout occurs\n        \"\"\"\n        screen = None\n        stacktrace = None\n    \n        end_time = time.monotonic() + self._timeout\n        while True:\n            try:\n                value = method(self._driver)\n                if value:\n                    return value\n            except self._ignored_exceptions as exc:\n                screen = getattr(exc, \"screen\", None)\n                stacktrace = getattr(exc, \"stacktrace\", None)\n            time.sleep(self._poll)\n            if time.monotonic() > end_time:\n                break\n>       raise TimeoutException(message, screen, stacktrace)\nE       selenium.common.exceptions.TimeoutException: Message: \nE       Stacktrace:\nE       #0 0x55c577e654e3 <unknown>\nE       #1 0x55c577b94c76 <unknown>\nE       #2 0x55c577bd0c96 <unknown>\nE       #3 0x55c577bd0dc1 <unknown>\nE       #4 0x55c577c0a7f4 <unknown>\nE       #5 0x55c577bf003d <unknown>\nE       #6 0x55c577c0830e <unknown>\nE       #7 0x55c577befde3 <unknown>\nE       #8 0x55c577bc52dd <unknown>\nE       #9 0x55c577bc634e <unknown>\nE       #10 0x55c577e253e4 <unknown>\nE       #11 0x55c577e293d7 <unknown>\nE       #12 0x55c577e33b20 <unknown>\nE       #13 0x55c577e2a023 <unknown>\nE       #14 0x55c577df81aa <unknown>\nE       #15 0x55c577e4e6b8 <unknown>\nE       #16 0x55c577e4e847 <unknown>\nE       #17 0x55c577e5e243 <unknown>\nE       #18 0x7f6b18f7eb43 <unknown>\n\n/opt/hostedtoolcache/Python/3.10.12/x64/lib/python3.10/site-packages/selenium/webdriver/support/wait.py:95: TimeoutException","flaky":false,"newFailed":false,"newBroken":true,"newPassed":false,"retriesCount":0,"retriesStatusChange":false,"beforeStages":[{"name":"_session_faker","time":{"start":1690001994796,"stop":1690001994822,"duration":26},"status":"passed","steps":[],"attachments":[],"parameters":[],"stepsCount":0,"attachmentsCount":0,"shouldDisplayMessage":false,"hasContent":false},{"name":"setup_and_teardown","time":{"start":1690002007099,"stop":1690002011957,"duration":4858},"status":"passed","steps":[],"attachments":[],"parameters":[],"stepsCount":0,"attachmentsCount":0,"shouldDisplayMessage":false,"hasContent":false},{"name":"class_setup","time":{"start":1690002011957,"stop":1690002011957,"duration":0},"status":"passed","steps":[],"attachments":[],"parameters":[],"stepsCount":0,"attachmentsCount":0,"shouldDisplayMessage":false,"hasContent":false},{"name":"log_on_failure","time":{"start":1690002011957,"stop":1690002011957,"duration":0},"status":"passed","steps":[],"attachments":[],"parameters":[],"stepsCount":0,"attachmentsCount":0,"shouldDisplayMessage":false,"hasContent":false}],"testStage":{"description":"\n        Check log in with empty fields.\n        ","status":"broken","statusMessage":"selenium.common.exceptions.TimeoutException: Message: \nStacktrace:\n#0 0x55c577e654e3 <unknown>\n#1 0x55c577b94c76 <unknown>\n#2 0x55c577bd0c96 <unknown>\n#3 0x55c577bd0dc1 <unknown>\n#4 0x55c577c0a7f4 <unknown>\n#5 0x55c577bf003d <unknown>\n#6 0x55c577c0830e <unknown>\n#7 0x55c577befde3 <unknown>\n#8 0x55c577bc52dd <unknown>\n#9 0x55c577bc634e <unknown>\n#10 0x55c577e253e4 <unknown>\n#11 0x55c577e293d7 <unknown>\n#12 0x55c577e33b20 <unknown>\n#13 0x55c577e2a023 <unknown>\n#14 0x55c577df81aa <unknown>\n#15 0x55c577e4e6b8 <unknown>\n#16 0x55c577e4e847 <unknown>\n#17 0x55c577e5e243 <unknown>\n#18 0x7f6b18f7eb43 <unknown>","statusTrace":"self = <tests.test_login.TestLogin object at 0x7f99841afa90>\n\n    @allure.story('Log in with empty fields')\n    def test_login_with_empty_fields(self):\n        \"\"\"\n        Check log in with empty fields.\n        \"\"\"\n>       self.login_page.fill_login_form(\"\", \"\")\n\ntests/test_login.py:40: \n_ _ _ _ _ _ _ _ _ _ _ _ _ _ _ _ _ _ _ _ _ _ _ _ _ _ _ _ _ _ _ _ _ _ _ _ _ _ _ _ \npages/LoginPage.py:36: in fill_login_form\n    self.enter_username(username)\npages/LoginPage.py:18: in enter_username\n    self.type_into_element(\"username_field_css\", self.username_field_css, username)\npages/BasePage.py:47: in type_into_element\n    element = self.find(locator_name, locator_value)\npages/BasePage.py:35: in find\n    element = self.wait((By.CSS_SELECTOR, locator_value))\npages/BasePage.py:25: in wait\n    return WebDriverWait(self.driver, 10).until(EC.presence_of_element_located((locator)))\n_ _ _ _ _ _ _ _ _ _ _ _ _ _ _ _ _ _ _ _ _ _ _ _ _ _ _ _ _ _ _ _ _ _ _ _ _ _ _ _ \n\nself = <selenium.webdriver.support.wait.WebDriverWait (session=\"204310b90c30e0755cd4d6a9bbf5a319\")>\nmethod = <function presence_of_element_located.<locals>._predicate at 0x7f9984134a60>\nmessage = ''\n\n    def until(self, method, message: str = \"\"):\n        \"\"\"Calls the method provided with the driver as an argument until the \\\n        return value does not evaluate to ``False``.\n    \n        :param method: callable(WebDriver)\n        :param message: optional message for :exc:`TimeoutException`\n        :returns: the result of the last call to `method`\n        :raises: :exc:`selenium.common.exceptions.TimeoutException` if timeout occurs\n        \"\"\"\n        screen = None\n        stacktrace = None\n    \n        end_time = time.monotonic() + self._timeout\n        while True:\n            try:\n                value = method(self._driver)\n                if value:\n                    return value\n            except self._ignored_exceptions as exc:\n                screen = getattr(exc, \"screen\", None)\n                stacktrace = getattr(exc, \"stacktrace\", None)\n            time.sleep(self._poll)\n            if time.monotonic() > end_time:\n                break\n>       raise TimeoutException(message, screen, stacktrace)\nE       selenium.common.exceptions.TimeoutException: Message: \nE       Stacktrace:\nE       #0 0x55c577e654e3 <unknown>\nE       #1 0x55c577b94c76 <unknown>\nE       #2 0x55c577bd0c96 <unknown>\nE       #3 0x55c577bd0dc1 <unknown>\nE       #4 0x55c577c0a7f4 <unknown>\nE       #5 0x55c577bf003d <unknown>\nE       #6 0x55c577c0830e <unknown>\nE       #7 0x55c577befde3 <unknown>\nE       #8 0x55c577bc52dd <unknown>\nE       #9 0x55c577bc634e <unknown>\nE       #10 0x55c577e253e4 <unknown>\nE       #11 0x55c577e293d7 <unknown>\nE       #12 0x55c577e33b20 <unknown>\nE       #13 0x55c577e2a023 <unknown>\nE       #14 0x55c577df81aa <unknown>\nE       #15 0x55c577e4e6b8 <unknown>\nE       #16 0x55c577e4e847 <unknown>\nE       #17 0x55c577e5e243 <unknown>\nE       #18 0x7f6b18f7eb43 <unknown>\n\n/opt/hostedtoolcache/Python/3.10.12/x64/lib/python3.10/site-packages/selenium/webdriver/support/wait.py:95: TimeoutException","steps":[{"name":"Enter username: ","time":{"start":1690002011958,"stop":1690002022473,"duration":10515},"status":"broken","statusMessage":"selenium.common.exceptions.TimeoutException: Message: \nStacktrace:\n#0 0x55c577e654e3 <unknown>\n#1 0x55c577b94c76 <unknown>\n#2 0x55c577bd0c96 <unknown>\n#3 0x55c577bd0dc1 <unknown>\n#4 0x55c577c0a7f4 <unknown>\n#5 0x55c577bf003d <unknown>\n#6 0x55c577c0830e <unknown>\n#7 0x55c577befde3 <unknown>\n#8 0x55c577bc52dd <unknown>\n#9 0x55c577bc634e <unknown>\n#10 0x55c577e253e4 <unknown>\n#11 0x55c577e293d7 <unknown>\n#12 0x55c577e33b20 <unknown>\n#13 0x55c577e2a023 <unknown>\n#14 0x55c577df81aa <unknown>\n#15 0x55c577e4e6b8 <unknown>\n#16 0x55c577e4e847 <unknown>\n#17 0x55c577e5e243 <unknown>\n#18 0x7f6b18f7eb43 <unknown>\n\n","statusTrace":"  File \"/home/runner/work/pytest-selenium-allure/pytest-selenium-allure/pages/LoginPage.py\", line 18, in enter_username\n    self.type_into_element(\"username_field_css\", self.username_field_css, username)\n  File \"/home/runner/work/pytest-selenium-allure/pytest-selenium-allure/pages/BasePage.py\", line 47, in type_into_element\n    element = self.find(locator_name, locator_value)\n  File \"/home/runner/work/pytest-selenium-allure/pytest-selenium-allure/pages/BasePage.py\", line 35, in find\n    element = self.wait((By.CSS_SELECTOR, locator_value))\n  File \"/home/runner/work/pytest-selenium-allure/pytest-selenium-allure/pages/BasePage.py\", line 25, in wait\n    return WebDriverWait(self.driver, 10).until(EC.presence_of_element_located((locator)))\n  File \"/opt/hostedtoolcache/Python/3.10.12/x64/lib/python3.10/site-packages/selenium/webdriver/support/wait.py\", line 95, in until\n    raise TimeoutException(message, screen, stacktrace)\n","steps":[],"attachments":[],"parameters":[],"stepsCount":0,"attachmentsCount":0,"shouldDisplayMessage":true,"hasContent":true}],"attachments":[{"uid":"1032f1aa60158e37","name":"log","source":"1032f1aa60158e37.txt","type":"text/plain","size":10031}],"parameters":[],"stepsCount":1,"attachmentsCount":1,"shouldDisplayMessage":true,"hasContent":true},"afterStages":[{"name":"log_on_failure::0","time":{"start":1690002022532,"stop":1690002022587,"duration":55},"status":"passed","steps":[],"attachments":[{"uid":"667e32836137c4f7","name":"failed_test","source":"667e32836137c4f7.png","type":"image/png","size":3253}],"parameters":[],"stepsCount":0,"attachmentsCount":1,"shouldDisplayMessage":false,"hasContent":true},{"name":"setup_and_teardown::0","time":{"start":1690002022588,"stop":1690002023652,"duration":1064},"status":"passed","steps":[],"attachments":[],"parameters":[],"stepsCount":0,"attachmentsCount":0,"shouldDisplayMessage":false,"hasContent":false}],"labels":[{"name":"feature","value":"Log in"},{"name":"story","value":"Log in with empty fields"},{"name":"tag","value":"@pytest.mark.usefixtures('setup_and_teardown', 'log_on_failure')"},{"name":"parentSuite","value":"tests"},{"name":"suite","value":"test_login"},{"name":"subSuite","value":"TestLogin"},{"name":"host","value":"fv-az454-899"},{"name":"thread","value":"2351-MainThread"},{"name":"framework","value":"pytest"},{"name":"language","value":"cpython3"},{"name":"package","value":"tests.test_login"},{"name":"resultFormat","value":"allure2"}],"parameters":[],"links":[],"hidden":false,"retry":false,"extra":{"severity":"normal","retries":[],"categories":[{"name":"Test defects","matchedStatuses":[],"flaky":false}],"history":{"statistic":{"failed":0,"broken":1,"skipped":0,"passed":7,"unknown":0,"total":8},"items":[{"uid":"edf2130104a3b519","reportUrl":"https://leraroy.github.io/pytest-selenium-allure/29//#testresult/edf2130104a3b519","status":"passed","time":{"start":1689193876588,"stop":1689193877218,"duration":630}},{"uid":"57070b6db6c1bb06","reportUrl":"https://leraroy.github.io/pytest-selenium-allure/27//#testresult/57070b6db6c1bb06","status":"passed","time":{"start":1689193513194,"stop":1689193514037,"duration":843}},{"uid":"f44e280a487f8ce9","reportUrl":"https://leraroy.github.io/pytest-selenium-allure/28//#testresult/f44e280a487f8ce9","status":"passed","time":{"start":1689193507814,"stop":1689193508466,"duration":652}},{"uid":"cfaa7de759cfc1ec","reportUrl":"https://leraroy.github.io/pytest-selenium-allure/26//#testresult/cfaa7de759cfc1ec","status":"passed","time":{"start":1689190044565,"stop":1689190045310,"duration":745}},{"uid":"b4192f056417a8ca","reportUrl":"https://leraroy.github.io/pytest-selenium-allure/25//#testresult/b4192f056417a8ca","status":"passed","time":{"start":1689189713789,"stop":1689189714395,"duration":606}},{"uid":"b72ee36cb85e6115","reportUrl":"https://leraroy.github.io/pytest-selenium-allure/24//#testresult/b72ee36cb85e6115","status":"passed","time":{"start":1689189547306,"stop":1689189547931,"duration":625}},{"uid":"4e9e073a96d84fb8","reportUrl":"https://leraroy.github.io/pytest-selenium-allure/23//#testresult/4e9e073a96d84fb8","status":"passed","time":{"start":1689189369692,"stop":1689189370471,"duration":779}}]},"tags":["@pytest.mark.usefixtures('setup_and_teardown', 'log_on_failure')"]},"source":"9df698d74f5ac550.json","parameterValues":[]}