{"uid":"a47a2a9557efe00f","name":"test_login_with_empty_username","fullName":"tests.test_login.TestLogin#test_login_with_empty_username","historyId":"1340611f82e45c07aff71e937548b467","time":{"start":1690002029343,"stop":1690002039894,"duration":10551},"description":"\n        Check log in with empty username.\n        ","descriptionHtml":"<pre><code>    Check log in with empty username.\n</code></pre>\n","status":"broken","statusMessage":"selenium.common.exceptions.TimeoutException: Message: \nStacktrace:\n#0 0x55aef83844e3 <unknown>\n#1 0x55aef80b3c76 <unknown>\n#2 0x55aef80efc96 <unknown>\n#3 0x55aef80efdc1 <unknown>\n#4 0x55aef81297f4 <unknown>\n#5 0x55aef810f03d <unknown>\n#6 0x55aef812730e <unknown>\n#7 0x55aef810ede3 <unknown>\n#8 0x55aef80e42dd <unknown>\n#9 0x55aef80e534e <unknown>\n#10 0x55aef83443e4 <unknown>\n#11 0x55aef83483d7 <unknown>\n#12 0x55aef8352b20 <unknown>\n#13 0x55aef8349023 <unknown>\n#14 0x55aef83171aa <unknown>\n#15 0x55aef836d6b8 <unknown>\n#16 0x55aef836d847 <unknown>\n#17 0x55aef837d243 <unknown>\n#18 0x7f39d2524b43 <unknown>","statusTrace":"self = <tests.test_login.TestLogin object at 0x7f99841af370>\n\n    @allure.story('Log in with empty username')\n    def test_login_with_empty_username(self):\n        \"\"\"\n        Check log in with empty username.\n        \"\"\"\n>       self.login_page.fill_login_form(\"\", User.password_valid)\n\ntests/test_login.py:51: \n_ _ _ _ _ _ _ _ _ _ _ _ _ _ _ _ _ _ _ _ _ _ _ _ _ _ _ _ _ _ _ _ _ _ _ _ _ _ _ _ \npages/LoginPage.py:36: in fill_login_form\n    self.enter_username(username)\npages/LoginPage.py:18: in enter_username\n    self.type_into_element(\"username_field_css\", self.username_field_css, username)\npages/BasePage.py:47: in type_into_element\n    element = self.find(locator_name, locator_value)\npages/BasePage.py:35: in find\n    element = self.wait((By.CSS_SELECTOR, locator_value))\npages/BasePage.py:25: in wait\n    return WebDriverWait(self.driver, 10).until(EC.presence_of_element_located((locator)))\n_ _ _ _ _ _ _ _ _ _ _ _ _ _ _ _ _ _ _ _ _ _ _ _ _ _ _ _ _ _ _ _ _ _ _ _ _ _ _ _ \n\nself = <selenium.webdriver.support.wait.WebDriverWait (session=\"f68d7eb2525523869107198a76cd367a\")>\nmethod = <function presence_of_element_located.<locals>._predicate at 0x7f99841365f0>\nmessage = ''\n\n    def until(self, method, message: str = \"\"):\n        \"\"\"Calls the method provided with the driver as an argument until the \\\n        return value does not evaluate to ``False``.\n    \n        :param method: callable(WebDriver)\n        :param message: optional message for :exc:`TimeoutException`\n        :returns: the result of the last call to `method`\n        :raises: :exc:`selenium.common.exceptions.TimeoutException` if timeout occurs\n        \"\"\"\n        screen = None\n        stacktrace = None\n    \n        end_time = time.monotonic() + self._timeout\n        while True:\n            try:\n                value = method(self._driver)\n                if value:\n                    return value\n            except self._ignored_exceptions as exc:\n                screen = getattr(exc, \"screen\", None)\n                stacktrace = getattr(exc, \"stacktrace\", None)\n            time.sleep(self._poll)\n            if time.monotonic() > end_time:\n                break\n>       raise TimeoutException(message, screen, stacktrace)\nE       selenium.common.exceptions.TimeoutException: Message: \nE       Stacktrace:\nE       #0 0x55aef83844e3 <unknown>\nE       #1 0x55aef80b3c76 <unknown>\nE       #2 0x55aef80efc96 <unknown>\nE       #3 0x55aef80efdc1 <unknown>\nE       #4 0x55aef81297f4 <unknown>\nE       #5 0x55aef810f03d <unknown>\nE       #6 0x55aef812730e <unknown>\nE       #7 0x55aef810ede3 <unknown>\nE       #8 0x55aef80e42dd <unknown>\nE       #9 0x55aef80e534e <unknown>\nE       #10 0x55aef83443e4 <unknown>\nE       #11 0x55aef83483d7 <unknown>\nE       #12 0x55aef8352b20 <unknown>\nE       #13 0x55aef8349023 <unknown>\nE       #14 0x55aef83171aa <unknown>\nE       #15 0x55aef836d6b8 <unknown>\nE       #16 0x55aef836d847 <unknown>\nE       #17 0x55aef837d243 <unknown>\nE       #18 0x7f39d2524b43 <unknown>\n\n/opt/hostedtoolcache/Python/3.10.12/x64/lib/python3.10/site-packages/selenium/webdriver/support/wait.py:95: TimeoutException","flaky":false,"newFailed":false,"newBroken":true,"newPassed":false,"retriesCount":0,"retriesStatusChange":false,"beforeStages":[{"name":"_session_faker","time":{"start":1690001994796,"stop":1690001994822,"duration":26},"status":"passed","steps":[],"attachments":[],"parameters":[],"stepsCount":0,"attachmentsCount":0,"shouldDisplayMessage":false,"hasContent":false},{"name":"setup_and_teardown","time":{"start":1690002023655,"stop":1690002029342,"duration":5687},"status":"passed","steps":[],"attachments":[],"parameters":[],"stepsCount":0,"attachmentsCount":0,"shouldDisplayMessage":false,"hasContent":false},{"name":"log_on_failure","time":{"start":1690002029342,"stop":1690002029342,"duration":0},"status":"passed","steps":[],"attachments":[],"parameters":[],"stepsCount":0,"attachmentsCount":0,"shouldDisplayMessage":false,"hasContent":false},{"name":"class_setup","time":{"start":1690002029342,"stop":1690002029342,"duration":0},"status":"passed","steps":[],"attachments":[],"parameters":[],"stepsCount":0,"attachmentsCount":0,"shouldDisplayMessage":false,"hasContent":false}],"testStage":{"description":"\n        Check log in with empty username.\n        ","status":"broken","statusMessage":"selenium.common.exceptions.TimeoutException: Message: \nStacktrace:\n#0 0x55aef83844e3 <unknown>\n#1 0x55aef80b3c76 <unknown>\n#2 0x55aef80efc96 <unknown>\n#3 0x55aef80efdc1 <unknown>\n#4 0x55aef81297f4 <unknown>\n#5 0x55aef810f03d <unknown>\n#6 0x55aef812730e <unknown>\n#7 0x55aef810ede3 <unknown>\n#8 0x55aef80e42dd <unknown>\n#9 0x55aef80e534e <unknown>\n#10 0x55aef83443e4 <unknown>\n#11 0x55aef83483d7 <unknown>\n#12 0x55aef8352b20 <unknown>\n#13 0x55aef8349023 <unknown>\n#14 0x55aef83171aa <unknown>\n#15 0x55aef836d6b8 <unknown>\n#16 0x55aef836d847 <unknown>\n#17 0x55aef837d243 <unknown>\n#18 0x7f39d2524b43 <unknown>","statusTrace":"self = <tests.test_login.TestLogin object at 0x7f99841af370>\n\n    @allure.story('Log in with empty username')\n    def test_login_with_empty_username(self):\n        \"\"\"\n        Check log in with empty username.\n        \"\"\"\n>       self.login_page.fill_login_form(\"\", User.password_valid)\n\ntests/test_login.py:51: \n_ _ _ _ _ _ _ _ _ _ _ _ _ _ _ _ _ _ _ _ _ _ _ _ _ _ _ _ _ _ _ _ _ _ _ _ _ _ _ _ \npages/LoginPage.py:36: in fill_login_form\n    self.enter_username(username)\npages/LoginPage.py:18: in enter_username\n    self.type_into_element(\"username_field_css\", self.username_field_css, username)\npages/BasePage.py:47: in type_into_element\n    element = self.find(locator_name, locator_value)\npages/BasePage.py:35: in find\n    element = self.wait((By.CSS_SELECTOR, locator_value))\npages/BasePage.py:25: in wait\n    return WebDriverWait(self.driver, 10).until(EC.presence_of_element_located((locator)))\n_ _ _ _ _ _ _ _ _ _ _ _ _ _ _ _ _ _ _ _ _ _ _ _ _ _ _ _ _ _ _ _ _ _ _ _ _ _ _ _ \n\nself = <selenium.webdriver.support.wait.WebDriverWait (session=\"f68d7eb2525523869107198a76cd367a\")>\nmethod = <function presence_of_element_located.<locals>._predicate at 0x7f99841365f0>\nmessage = ''\n\n    def until(self, method, message: str = \"\"):\n        \"\"\"Calls the method provided with the driver as an argument until the \\\n        return value does not evaluate to ``False``.\n    \n        :param method: callable(WebDriver)\n        :param message: optional message for :exc:`TimeoutException`\n        :returns: the result of the last call to `method`\n        :raises: :exc:`selenium.common.exceptions.TimeoutException` if timeout occurs\n        \"\"\"\n        screen = None\n        stacktrace = None\n    \n        end_time = time.monotonic() + self._timeout\n        while True:\n            try:\n                value = method(self._driver)\n                if value:\n                    return value\n            except self._ignored_exceptions as exc:\n                screen = getattr(exc, \"screen\", None)\n                stacktrace = getattr(exc, \"stacktrace\", None)\n            time.sleep(self._poll)\n            if time.monotonic() > end_time:\n                break\n>       raise TimeoutException(message, screen, stacktrace)\nE       selenium.common.exceptions.TimeoutException: Message: \nE       Stacktrace:\nE       #0 0x55aef83844e3 <unknown>\nE       #1 0x55aef80b3c76 <unknown>\nE       #2 0x55aef80efc96 <unknown>\nE       #3 0x55aef80efdc1 <unknown>\nE       #4 0x55aef81297f4 <unknown>\nE       #5 0x55aef810f03d <unknown>\nE       #6 0x55aef812730e <unknown>\nE       #7 0x55aef810ede3 <unknown>\nE       #8 0x55aef80e42dd <unknown>\nE       #9 0x55aef80e534e <unknown>\nE       #10 0x55aef83443e4 <unknown>\nE       #11 0x55aef83483d7 <unknown>\nE       #12 0x55aef8352b20 <unknown>\nE       #13 0x55aef8349023 <unknown>\nE       #14 0x55aef83171aa <unknown>\nE       #15 0x55aef836d6b8 <unknown>\nE       #16 0x55aef836d847 <unknown>\nE       #17 0x55aef837d243 <unknown>\nE       #18 0x7f39d2524b43 <unknown>\n\n/opt/hostedtoolcache/Python/3.10.12/x64/lib/python3.10/site-packages/selenium/webdriver/support/wait.py:95: TimeoutException","steps":[{"name":"Enter username: ","time":{"start":1690002029343,"stop":1690002039893,"duration":10550},"status":"broken","statusMessage":"selenium.common.exceptions.TimeoutException: Message: \nStacktrace:\n#0 0x55aef83844e3 <unknown>\n#1 0x55aef80b3c76 <unknown>\n#2 0x55aef80efc96 <unknown>\n#3 0x55aef80efdc1 <unknown>\n#4 0x55aef81297f4 <unknown>\n#5 0x55aef810f03d <unknown>\n#6 0x55aef812730e <unknown>\n#7 0x55aef810ede3 <unknown>\n#8 0x55aef80e42dd <unknown>\n#9 0x55aef80e534e <unknown>\n#10 0x55aef83443e4 <unknown>\n#11 0x55aef83483d7 <unknown>\n#12 0x55aef8352b20 <unknown>\n#13 0x55aef8349023 <unknown>\n#14 0x55aef83171aa <unknown>\n#15 0x55aef836d6b8 <unknown>\n#16 0x55aef836d847 <unknown>\n#17 0x55aef837d243 <unknown>\n#18 0x7f39d2524b43 <unknown>\n\n","statusTrace":"  File \"/home/runner/work/pytest-selenium-allure/pytest-selenium-allure/pages/LoginPage.py\", line 18, in enter_username\n    self.type_into_element(\"username_field_css\", self.username_field_css, username)\n  File \"/home/runner/work/pytest-selenium-allure/pytest-selenium-allure/pages/BasePage.py\", line 47, in type_into_element\n    element = self.find(locator_name, locator_value)\n  File \"/home/runner/work/pytest-selenium-allure/pytest-selenium-allure/pages/BasePage.py\", line 35, in find\n    element = self.wait((By.CSS_SELECTOR, locator_value))\n  File \"/home/runner/work/pytest-selenium-allure/pytest-selenium-allure/pages/BasePage.py\", line 25, in wait\n    return WebDriverWait(self.driver, 10).until(EC.presence_of_element_located((locator)))\n  File \"/opt/hostedtoolcache/Python/3.10.12/x64/lib/python3.10/site-packages/selenium/webdriver/support/wait.py\", line 95, in until\n    raise TimeoutException(message, screen, stacktrace)\n","steps":[],"attachments":[],"parameters":[],"stepsCount":0,"attachmentsCount":0,"shouldDisplayMessage":true,"hasContent":true}],"attachments":[{"uid":"725cd63d15bbdf78","name":"log","source":"725cd63d15bbdf78.txt","type":"text/plain","size":10023}],"parameters":[],"stepsCount":1,"attachmentsCount":1,"shouldDisplayMessage":true,"hasContent":true},"afterStages":[{"name":"log_on_failure::0","time":{"start":1690002039911,"stop":1690002039958,"duration":47},"status":"passed","steps":[],"attachments":[{"uid":"3d5402d0bc1f6a6a","name":"failed_test","source":"3d5402d0bc1f6a6a.png","type":"image/png","size":3249}],"parameters":[],"stepsCount":0,"attachmentsCount":1,"shouldDisplayMessage":false,"hasContent":true},{"name":"setup_and_teardown::0","time":{"start":1690002039959,"stop":1690002040018,"duration":59},"status":"passed","steps":[],"attachments":[],"parameters":[],"stepsCount":0,"attachmentsCount":0,"shouldDisplayMessage":false,"hasContent":false}],"labels":[{"name":"feature","value":"Log in"},{"name":"story","value":"Log in with empty username"},{"name":"tag","value":"@pytest.mark.usefixtures('setup_and_teardown', 'log_on_failure')"},{"name":"parentSuite","value":"tests"},{"name":"suite","value":"test_login"},{"name":"subSuite","value":"TestLogin"},{"name":"host","value":"fv-az454-899"},{"name":"thread","value":"2351-MainThread"},{"name":"framework","value":"pytest"},{"name":"language","value":"cpython3"},{"name":"package","value":"tests.test_login"},{"name":"resultFormat","value":"allure2"}],"parameters":[],"links":[],"hidden":false,"retry":false,"extra":{"severity":"normal","retries":[],"categories":[{"name":"Test defects","matchedStatuses":[],"flaky":false}],"history":{"statistic":{"failed":0,"broken":1,"skipped":0,"passed":7,"unknown":0,"total":8},"items":[{"uid":"cc437c99977b6b75","reportUrl":"https://leraroy.github.io/pytest-selenium-allure/29//#testresult/cc437c99977b6b75","status":"passed","time":{"start":1689193880537,"stop":1689193881175,"duration":638}},{"uid":"328272aa49ae609e","reportUrl":"https://leraroy.github.io/pytest-selenium-allure/27//#testresult/328272aa49ae609e","status":"passed","time":{"start":1689193517521,"stop":1689193518354,"duration":833}},{"uid":"6cc382eb0754b4a5","reportUrl":"https://leraroy.github.io/pytest-selenium-allure/28//#testresult/6cc382eb0754b4a5","status":"passed","time":{"start":1689193511813,"stop":1689193512464,"duration":651}},{"uid":"54b95bbca3ab05ad","reportUrl":"https://leraroy.github.io/pytest-selenium-allure/26//#testresult/54b95bbca3ab05ad","status":"passed","time":{"start":1689190048716,"stop":1689190049489,"duration":773}},{"uid":"69d3bdf46bc13d9c","reportUrl":"https://leraroy.github.io/pytest-selenium-allure/25//#testresult/69d3bdf46bc13d9c","status":"passed","time":{"start":1689189716830,"stop":1689189717419,"duration":589}},{"uid":"dc244d9d466591d3","reportUrl":"https://leraroy.github.io/pytest-selenium-allure/24//#testresult/dc244d9d466591d3","status":"passed","time":{"start":1689189550731,"stop":1689189551351,"duration":620}},{"uid":"55d46837bab5cbaa","reportUrl":"https://leraroy.github.io/pytest-selenium-allure/23//#testresult/55d46837bab5cbaa","status":"passed","time":{"start":1689189373916,"stop":1689189374697,"duration":781}}]},"tags":["@pytest.mark.usefixtures('setup_and_teardown', 'log_on_failure')"]},"source":"a47a2a9557efe00f.json","parameterValues":[]}